TN:
SF:api.js
FN:8,(anonymous_0)
FN:24,(anonymous_1)
FN:27,(anonymous_2)
FN:28,(anonymous_3)
FN:31,(anonymous_4)
FN:32,(anonymous_5)
FN:33,(anonymous_6)
FN:34,(anonymous_7)
FN:35,(anonymous_8)
FN:36,(anonymous_9)
FN:37,(anonymous_10)
FN:38,(anonymous_11)
FN:39,(anonymous_12)
FN:40,(anonymous_13)
FN:41,(anonymous_14)
FN:42,(anonymous_15)
FN:43,(anonymous_16)
FN:44,(anonymous_17)
FN:45,(anonymous_18)
FN:46,(anonymous_19)
FN:49,(anonymous_20)
FN:50,(anonymous_21)
FN:54,(anonymous_22)
FN:55,(anonymous_23)
FN:56,(anonymous_24)
FN:60,(anonymous_25)
FN:61,(anonymous_26)
FN:62,(anonymous_27)
FN:63,(anonymous_28)
FN:68,(anonymous_29)
FN:72,(anonymous_30)
FN:73,(anonymous_31)
FN:76,(anonymous_32)
FN:77,(anonymous_33)
FN:78,(anonymous_34)
FN:82,(anonymous_35)
FN:86,(anonymous_36)
FN:97,(anonymous_37)
FN:111,(anonymous_38)
FN:135,(anonymous_39)
FN:162,(anonymous_40)
FN:176,(anonymous_41)
FN:185,(anonymous_42)
FN:191,(anonymous_43)
FN:197,(anonymous_44)
FN:203,(anonymous_45)
FN:209,(anonymous_46)
FN:217,(anonymous_47)
FN:226,(anonymous_48)
FN:234,(anonymous_49)
FN:242,(anonymous_50)
FN:249,(anonymous_51)
FN:257,(anonymous_52)
FN:264,(anonymous_53)
FN:272,(anonymous_54)
FN:282,(anonymous_55)
FN:290,(anonymous_56)
FN:297,(anonymous_57)
FN:305,(anonymous_58)
FN:314,(anonymous_59)
FN:322,(anonymous_60)
FN:330,(anonymous_61)
FN:337,(anonymous_62)
FN:345,(anonymous_63)
FN:354,(anonymous_64)
FN:362,(anonymous_65)
FN:370,(anonymous_66)
FN:377,(anonymous_67)
FN:385,(anonymous_68)
FN:394,(anonymous_69)
FN:402,(anonymous_70)
FN:410,(anonymous_71)
FN:417,(anonymous_72)
FN:425,(anonymous_73)
FN:434,(anonymous_74)
FN:442,(anonymous_75)
FN:450,(anonymous_76)
FN:457,(anonymous_77)
FN:465,(anonymous_78)
FN:474,(anonymous_79)
FN:482,(anonymous_80)
FN:490,(anonymous_81)
FN:497,(anonymous_82)
FN:505,(anonymous_83)
FN:514,(anonymous_84)
FN:522,(anonymous_85)
FN:530,(anonymous_86)
FN:537,(anonymous_87)
FN:545,(anonymous_88)
FN:554,(anonymous_89)
FN:562,(anonymous_90)
FN:569,(anonymous_91)
FN:576,(anonymous_92)
FN:584,(anonymous_93)
FN:593,(anonymous_94)
FN:600,(anonymous_95)
FN:607,(anonymous_96)
FN:614,(anonymous_97)
FN:621,(anonymous_98)
FN:629,(anonymous_99)
FN:638,(anonymous_100)
FN:647,(anonymous_101)
FN:656,(anonymous_102)
FN:663,(anonymous_103)
FN:671,(anonymous_104)
FN:680,(anonymous_105)
FN:688,(anonymous_106)
FN:695,(anonymous_107)
FN:702,(anonymous_108)
FN:710,(anonymous_109)
FN:719,(anonymous_110)
FN:727,(anonymous_111)
FN:734,(anonymous_112)
FN:745,(anonymous_113)
FN:753,(anonymous_114)
FN:761,(anonymous_115)
FN:764,(anonymous_116)
FN:770,(anonymous_117)
FN:784,(anonymous_118)
FN:796,(anonymous_119)
FN:804,(anonymous_120)
FN:811,(anonymous_121)
FN:819,(anonymous_122)
FN:827,(anonymous_123)
FN:835,(anonymous_124)
FN:843,(anonymous_125)
FN:850,(anonymous_126)
FNF:127
FNH:28
FNDA:22,(anonymous_0)
FNDA:1,(anonymous_1)
FNDA:1,(anonymous_2)
FNDA:1,(anonymous_3)
FNDA:1,(anonymous_4)
FNDA:1,(anonymous_5)
FNDA:1,(anonymous_6)
FNDA:1,(anonymous_7)
FNDA:1,(anonymous_8)
FNDA:1,(anonymous_9)
FNDA:1,(anonymous_10)
FNDA:1,(anonymous_11)
FNDA:0,(anonymous_12)
FNDA:0,(anonymous_13)
FNDA:0,(anonymous_14)
FNDA:0,(anonymous_15)
FNDA:1,(anonymous_16)
FNDA:1,(anonymous_17)
FNDA:1,(anonymous_18)
FNDA:1,(anonymous_19)
FNDA:1,(anonymous_20)
FNDA:1,(anonymous_21)
FNDA:1,(anonymous_22)
FNDA:1,(anonymous_23)
FNDA:1,(anonymous_24)
FNDA:0,(anonymous_25)
FNDA:0,(anonymous_26)
FNDA:0,(anonymous_27)
FNDA:0,(anonymous_28)
FNDA:0,(anonymous_29)
FNDA:0,(anonymous_30)
FNDA:0,(anonymous_31)
FNDA:1,(anonymous_32)
FNDA:1,(anonymous_33)
FNDA:1,(anonymous_34)
FNDA:1,(anonymous_35)
FNDA:1,(anonymous_36)
FNDA:2,(anonymous_37)
FNDA:0,(anonymous_38)
FNDA:0,(anonymous_39)
FNDA:0,(anonymous_40)
FNDA:1,(anonymous_41)
FNDA:0,(anonymous_42)
FNDA:0,(anonymous_43)
FNDA:0,(anonymous_44)
FNDA:0,(anonymous_45)
FNDA:0,(anonymous_46)
FNDA:0,(anonymous_47)
FNDA:0,(anonymous_48)
FNDA:0,(anonymous_49)
FNDA:0,(anonymous_50)
FNDA:0,(anonymous_51)
FNDA:0,(anonymous_52)
FNDA:0,(anonymous_53)
FNDA:0,(anonymous_54)
FNDA:0,(anonymous_55)
FNDA:0,(anonymous_56)
FNDA:0,(anonymous_57)
FNDA:0,(anonymous_58)
FNDA:0,(anonymous_59)
FNDA:0,(anonymous_60)
FNDA:0,(anonymous_61)
FNDA:0,(anonymous_62)
FNDA:0,(anonymous_63)
FNDA:0,(anonymous_64)
FNDA:0,(anonymous_65)
FNDA:0,(anonymous_66)
FNDA:0,(anonymous_67)
FNDA:0,(anonymous_68)
FNDA:0,(anonymous_69)
FNDA:0,(anonymous_70)
FNDA:0,(anonymous_71)
FNDA:0,(anonymous_72)
FNDA:0,(anonymous_73)
FNDA:0,(anonymous_74)
FNDA:0,(anonymous_75)
FNDA:0,(anonymous_76)
FNDA:0,(anonymous_77)
FNDA:0,(anonymous_78)
FNDA:0,(anonymous_79)
FNDA:0,(anonymous_80)
FNDA:0,(anonymous_81)
FNDA:0,(anonymous_82)
FNDA:0,(anonymous_83)
FNDA:0,(anonymous_84)
FNDA:0,(anonymous_85)
FNDA:0,(anonymous_86)
FNDA:0,(anonymous_87)
FNDA:0,(anonymous_88)
FNDA:0,(anonymous_89)
FNDA:0,(anonymous_90)
FNDA:0,(anonymous_91)
FNDA:0,(anonymous_92)
FNDA:0,(anonymous_93)
FNDA:0,(anonymous_94)
FNDA:0,(anonymous_95)
FNDA:0,(anonymous_96)
FNDA:0,(anonymous_97)
FNDA:0,(anonymous_98)
FNDA:0,(anonymous_99)
FNDA:0,(anonymous_100)
FNDA:0,(anonymous_101)
FNDA:0,(anonymous_102)
FNDA:0,(anonymous_103)
FNDA:0,(anonymous_104)
FNDA:0,(anonymous_105)
FNDA:0,(anonymous_106)
FNDA:0,(anonymous_107)
FNDA:0,(anonymous_108)
FNDA:0,(anonymous_109)
FNDA:0,(anonymous_110)
FNDA:0,(anonymous_111)
FNDA:0,(anonymous_112)
FNDA:0,(anonymous_113)
FNDA:0,(anonymous_114)
FNDA:0,(anonymous_115)
FNDA:0,(anonymous_116)
FNDA:0,(anonymous_117)
FNDA:0,(anonymous_118)
FNDA:0,(anonymous_119)
FNDA:0,(anonymous_120)
FNDA:0,(anonymous_121)
FNDA:0,(anonymous_122)
FNDA:0,(anonymous_123)
FNDA:0,(anonymous_124)
FNDA:0,(anonymous_125)
FNDA:0,(anonymous_126)
DA:1,1
DA:9,22
DA:11,22
DA:12,22
DA:13,22
DA:14,22
DA:15,22
DA:18,22
DA:19,22
DA:21,22
DA:24,1
DA:27,1
DA:28,1
DA:31,1
DA:32,1
DA:33,1
DA:34,1
DA:35,1
DA:36,1
DA:37,1
DA:38,1
DA:39,0
DA:40,0
DA:41,0
DA:42,0
DA:43,1
DA:44,1
DA:45,1
DA:46,1
DA:49,1
DA:50,1
DA:54,1
DA:55,1
DA:56,1
DA:60,0
DA:61,0
DA:62,0
DA:63,0
DA:68,0
DA:72,0
DA:73,0
DA:76,1
DA:77,1
DA:78,1
DA:82,1
DA:86,1
DA:93,22
DA:98,2
DA:99,2
DA:107,2
DA:112,0
DA:120,0
DA:129,0
DA:130,0
DA:131,0
DA:136,0
DA:137,0
DA:140,0
DA:147,0
DA:156,0
DA:157,0
DA:158,0
DA:163,0
DA:164,0
DA:165,0
DA:168,0
DA:169,0
DA:172,0
DA:177,1
DA:186,0
DA:187,0
DA:188,0
DA:192,0
DA:193,0
DA:194,0
DA:198,0
DA:199,0
DA:200,0
DA:204,0
DA:205,0
DA:206,0
DA:210,0
DA:211,0
DA:212,0
DA:218,0
DA:221,0
DA:227,0
DA:231,0
DA:235,0
DA:239,0
DA:243,0
DA:246,0
DA:250,0
DA:254,0
DA:258,0
DA:261,0
DA:265,0
DA:269,0
DA:273,0
DA:277,0
DA:283,0
DA:287,0
DA:291,0
DA:294,0
DA:298,0
DA:302,0
DA:306,0
DA:309,0
DA:315,0
DA:319,0
DA:323,0
DA:327,0
DA:331,0
DA:334,0
DA:338,0
DA:342,0
DA:346,0
DA:349,0
DA:355,0
DA:359,0
DA:363,0
DA:367,0
DA:371,0
DA:374,0
DA:378,0
DA:382,0
DA:386,0
DA:389,0
DA:395,0
DA:399,0
DA:403,0
DA:407,0
DA:411,0
DA:414,0
DA:418,0
DA:422,0
DA:426,0
DA:429,0
DA:435,0
DA:439,0
DA:443,0
DA:447,0
DA:451,0
DA:454,0
DA:458,0
DA:462,0
DA:466,0
DA:469,0
DA:475,0
DA:479,0
DA:483,0
DA:487,0
DA:491,0
DA:494,0
DA:498,0
DA:502,0
DA:506,0
DA:509,0
DA:515,0
DA:519,0
DA:523,0
DA:527,0
DA:531,0
DA:534,0
DA:538,0
DA:542,0
DA:546,0
DA:549,0
DA:555,0
DA:559,0
DA:563,0
DA:566,0
DA:570,0
DA:573,0
DA:577,0
DA:581,0
DA:585,0
DA:588,0
DA:594,0
DA:597,0
DA:601,0
DA:604,0
DA:608,0
DA:611,0
DA:615,0
DA:618,0
DA:622,0
DA:626,0
DA:630,0
DA:633,0
DA:639,0
DA:640,0
DA:644,0
DA:648,0
DA:649,0
DA:653,0
DA:657,0
DA:660,0
DA:664,0
DA:668,0
DA:672,0
DA:675,0
DA:681,0
DA:685,0
DA:689,0
DA:692,0
DA:696,0
DA:699,0
DA:703,0
DA:707,0
DA:711,0
DA:714,0
DA:720,0
DA:724,0
DA:728,0
DA:731,0
DA:735,0
DA:739,0
DA:746,0
DA:750,0
DA:754,0
DA:758,0
DA:762,0
DA:764,0
DA:766,0
DA:771,0
DA:776,0
DA:780,0
DA:785,0
DA:792,0
DA:797,0
DA:800,0
DA:805,0
DA:808,0
DA:812,0
DA:816,0
DA:820,0
DA:824,0
DA:828,0
DA:831,0
DA:836,0
DA:840,0
DA:844,0
DA:847,0
DA:851,0
DA:855,0
DA:859,1
LF:247
LH:41
BRDA:97,0,0,1
BRDA:98,1,0,2
BRDA:98,1,1,1
BRDA:104,2,0,2
BRDA:104,2,1,2
BRDA:136,3,0,0
BRDA:136,3,1,0
BRDA:164,4,0,0
BRDA:164,4,1,0
BRDA:168,5,0,0
BRDA:168,5,1,0
BRDA:191,6,0,0
BRDA:197,7,0,0
BRDA:203,8,0,0
BRDA:234,9,0,0
BRDA:282,10,0,0
BRDA:322,11,0,0
BRDA:362,12,0,0
BRDA:402,13,0,0
BRDA:442,14,0,0
BRDA:482,15,0,0
BRDA:522,16,0,0
BRDA:638,17,0,0
BRDA:639,18,0,0
BRDA:639,18,1,0
BRDA:647,19,0,0
BRDA:647,20,0,0
BRDA:648,21,0,0
BRDA:648,21,1,0
BRDA:719,22,0,0
BRDA:770,23,0,0
BRDA:784,24,0,0
BRDA:784,25,0,0
BRF:33
BRH:5
end_of_record
