TN:
SF:api.js
FN:9,(anonymous_0)
FN:21,(anonymous_1)
FN:22,(anonymous_2)
FN:23,(anonymous_3)
FN:25,(anonymous_4)
FN:27,(anonymous_5)
FN:29,(anonymous_6)
FN:30,(anonymous_7)
FN:32,(anonymous_8)
FN:36,(anonymous_9)
FN:37,(anonymous_10)
FN:38,(anonymous_11)
FN:39,(anonymous_12)
FN:40,(anonymous_13)
FN:44,(anonymous_14)
FN:45,(anonymous_15)
FN:49,(anonymous_16)
FN:58,(anonymous_17)
FN:63,(anonymous_18)
FN:64,(anonymous_19)
FN:65,(anonymous_20)
FN:69,(anonymous_21)
FN:70,(anonymous_22)
FN:78,(anonymous_23)
FN:79,(anonymous_24)
FN:87,(anonymous_25)
FN:100,(anonymous_26)
FN:117,(anonymous_27)
FN:130,(anonymous_28)
FN:141,(anonymous_29)
FN:147,(anonymous_30)
FN:153,(anonymous_31)
FN:159,(anonymous_32)
FN:165,(anonymous_33)
FN:173,(anonymous_34)
FN:181,(anonymous_35)
FN:189,(anonymous_36)
FN:196,(anonymous_37)
FN:204,(anonymous_38)
FN:212,(anonymous_39)
FN:221,(anonymous_40)
FN:229,(anonymous_41)
FN:237,(anonymous_42)
FN:244,(anonymous_43)
FN:252,(anonymous_44)
FN:261,(anonymous_45)
FN:269,(anonymous_46)
FN:277,(anonymous_47)
FN:284,(anonymous_48)
FN:292,(anonymous_49)
FN:301,(anonymous_50)
FN:309,(anonymous_51)
FN:316,(anonymous_52)
FN:324,(anonymous_53)
FN:334,(anonymous_54)
FN:342,(anonymous_55)
FN:350,(anonymous_56)
FN:357,(anonymous_57)
FN:365,(anonymous_58)
FN:373,(anonymous_59)
FN:382,(anonymous_60)
FN:390,(anonymous_61)
FN:398,(anonymous_62)
FN:405,(anonymous_63)
FN:414,(anonymous_64)
FN:422,(anonymous_65)
FN:430,(anonymous_66)
FN:437,(anonymous_67)
FN:447,(anonymous_68)
FN:455,(anonymous_69)
FN:463,(anonymous_70)
FN:470,(anonymous_71)
FN:478,(anonymous_72)
FN:486,(anonymous_73)
FN:494,(anonymous_74)
FN:503,(anonymous_75)
FN:511,(anonymous_76)
FN:519,(anonymous_77)
FN:526,(anonymous_78)
FN:534,(anonymous_79)
FN:542,(anonymous_80)
FN:551,(anonymous_81)
FN:562,(anonymous_82)
FN:575,(anonymous_83)
FN:583,(anonymous_84)
FN:593,(anonymous_85)
FN:601,(anonymous_86)
FN:608,(anonymous_87)
FN:618,(anonymous_88)
FN:625,(anonymous_89)
FN:634,(anonymous_90)
FNF:91
FNH:11
FNDA:10,(anonymous_0)
FNDA:1,(anonymous_1)
FNDA:1,(anonymous_2)
FNDA:0,(anonymous_3)
FNDA:0,(anonymous_4)
FNDA:0,(anonymous_5)
FNDA:0,(anonymous_6)
FNDA:0,(anonymous_7)
FNDA:0,(anonymous_8)
FNDA:1,(anonymous_9)
FNDA:1,(anonymous_10)
FNDA:0,(anonymous_11)
FNDA:0,(anonymous_12)
FNDA:0,(anonymous_13)
FNDA:0,(anonymous_14)
FNDA:0,(anonymous_15)
FNDA:0,(anonymous_16)
FNDA:0,(anonymous_17)
FNDA:0,(anonymous_18)
FNDA:0,(anonymous_19)
FNDA:0,(anonymous_20)
FNDA:0,(anonymous_21)
FNDA:0,(anonymous_22)
FNDA:1,(anonymous_23)
FNDA:0,(anonymous_24)
FNDA:1,(anonymous_25)
FNDA:5,(anonymous_26)
FNDA:2,(anonymous_27)
FNDA:6,(anonymous_28)
FNDA:0,(anonymous_29)
FNDA:0,(anonymous_30)
FNDA:0,(anonymous_31)
FNDA:0,(anonymous_32)
FNDA:0,(anonymous_33)
FNDA:0,(anonymous_34)
FNDA:0,(anonymous_35)
FNDA:0,(anonymous_36)
FNDA:0,(anonymous_37)
FNDA:0,(anonymous_38)
FNDA:0,(anonymous_39)
FNDA:0,(anonymous_40)
FNDA:0,(anonymous_41)
FNDA:0,(anonymous_42)
FNDA:0,(anonymous_43)
FNDA:0,(anonymous_44)
FNDA:0,(anonymous_45)
FNDA:0,(anonymous_46)
FNDA:0,(anonymous_47)
FNDA:0,(anonymous_48)
FNDA:0,(anonymous_49)
FNDA:0,(anonymous_50)
FNDA:0,(anonymous_51)
FNDA:0,(anonymous_52)
FNDA:0,(anonymous_53)
FNDA:0,(anonymous_54)
FNDA:0,(anonymous_55)
FNDA:0,(anonymous_56)
FNDA:0,(anonymous_57)
FNDA:0,(anonymous_58)
FNDA:0,(anonymous_59)
FNDA:0,(anonymous_60)
FNDA:0,(anonymous_61)
FNDA:0,(anonymous_62)
FNDA:0,(anonymous_63)
FNDA:0,(anonymous_64)
FNDA:0,(anonymous_65)
FNDA:0,(anonymous_66)
FNDA:0,(anonymous_67)
FNDA:0,(anonymous_68)
FNDA:0,(anonymous_69)
FNDA:0,(anonymous_70)
FNDA:0,(anonymous_71)
FNDA:0,(anonymous_72)
FNDA:0,(anonymous_73)
FNDA:0,(anonymous_74)
FNDA:0,(anonymous_75)
FNDA:0,(anonymous_76)
FNDA:0,(anonymous_77)
FNDA:0,(anonymous_78)
FNDA:0,(anonymous_79)
FNDA:0,(anonymous_80)
FNDA:0,(anonymous_81)
FNDA:0,(anonymous_82)
FNDA:0,(anonymous_83)
FNDA:0,(anonymous_84)
FNDA:0,(anonymous_85)
FNDA:0,(anonymous_86)
FNDA:0,(anonymous_87)
FNDA:0,(anonymous_88)
FNDA:0,(anonymous_89)
FNDA:1,(anonymous_90)
DA:1,1
DA:2,1
DA:10,10
DA:12,10
DA:13,10
DA:14,10
DA:15,10
DA:16,10
DA:18,10
DA:21,1
DA:22,1
DA:23,0
DA:25,0
DA:27,0
DA:29,0
DA:30,0
DA:32,0
DA:36,1
DA:37,1
DA:38,0
DA:39,0
DA:40,0
DA:44,0
DA:45,0
DA:49,0
DA:58,0
DA:63,0
DA:64,0
DA:65,0
DA:69,0
DA:70,0
DA:78,1
DA:79,0
DA:83,10
DA:88,1
DA:98,1
DA:100,5
DA:104,1
DA:107,1
DA:110,1
DA:111,1
DA:113,1
DA:118,2
DA:120,1
DA:121,1
DA:128,1
DA:129,1
DA:130,6
DA:133,1
DA:142,0
DA:143,0
DA:144,0
DA:148,0
DA:149,0
DA:150,0
DA:154,0
DA:155,0
DA:156,0
DA:160,0
DA:161,0
DA:162,0
DA:166,0
DA:167,0
DA:168,0
DA:174,0
DA:178,0
DA:182,0
DA:186,0
DA:190,0
DA:193,0
DA:197,0
DA:201,0
DA:205,0
DA:209,0
DA:213,0
DA:217,0
DA:222,0
DA:226,0
DA:230,0
DA:234,0
DA:238,0
DA:241,0
DA:245,0
DA:249,0
DA:253,0
DA:257,0
DA:262,0
DA:266,0
DA:270,0
DA:274,0
DA:278,0
DA:281,0
DA:285,0
DA:289,0
DA:293,0
DA:297,0
DA:302,0
DA:306,0
DA:310,0
DA:313,0
DA:317,0
DA:321,0
DA:325,0
DA:329,0
DA:335,0
DA:339,0
DA:343,0
DA:347,0
DA:351,0
DA:354,0
DA:358,0
DA:362,0
DA:366,0
DA:370,0
DA:374,0
DA:378,0
DA:383,0
DA:387,0
DA:391,0
DA:395,0
DA:399,0
DA:402,0
DA:406,0
DA:410,0
DA:415,0
DA:419,0
DA:423,0
DA:427,0
DA:431,0
DA:434,0
DA:438,0
DA:442,0
DA:448,0
DA:452,0
DA:456,0
DA:460,0
DA:464,0
DA:467,0
DA:471,0
DA:475,0
DA:479,0
DA:483,0
DA:487,0
DA:491,0
DA:495,0
DA:498,0
DA:504,0
DA:508,0
DA:512,0
DA:516,0
DA:520,0
DA:523,0
DA:527,0
DA:531,0
DA:535,0
DA:539,0
DA:543,0
DA:546,0
DA:552,0
DA:559,0
DA:563,0
DA:570,0
DA:576,0
DA:580,0
DA:584,0
DA:588,0
DA:594,0
DA:598,0
DA:602,0
DA:605,0
DA:609,0
DA:613,0
DA:619,0
DA:622,0
DA:626,0
DA:629,0
DA:635,1
DA:636,1
DA:640,1
LF:179
LH:33
BRDA:16,0,0,10
BRDA:16,0,1,0
BRDA:87,1,0,1
BRDA:117,2,0,0
BRDA:118,3,0,1
BRDA:118,3,1,1
BRDA:147,4,0,0
BRDA:153,5,0,0
BRDA:159,6,0,0
BRDA:181,7,0,0
BRDA:204,8,0,0
BRDA:229,9,0,0
BRDA:252,10,0,0
BRDA:269,11,0,0
BRDA:292,12,0,0
BRDA:301,13,0,0
BRDA:324,14,0,0
BRDA:342,15,0,0
BRDA:365,16,0,0
BRDA:390,17,0,0
BRDA:405,18,0,0
BRDA:422,19,0,0
BRDA:437,20,0,0
BRDA:455,21,0,0
BRDA:478,22,0,0
BRDA:511,23,0,0
BRDA:534,24,0,0
BRDA:551,25,0,0
BRDA:562,26,0,0
BRDA:575,27,0,0
BRDA:583,28,0,0
BRDA:593,29,0,0
BRF:32
BRH:4
end_of_record
